Started GET "/login" for ::1 at 2023-03-22 10:34:10 +0300
  
ActionController::RoutingError (No route matches [GET] "/login"):
  
Started GET "/" for ::1 at 2023-03-22 10:34:18 +0300
Processing by Rails::WelcomeController#index as HTML
  Rendering /usr/share/rvm/gems/ruby-2.7.4/gems/railties-7.0.4.3/lib/rails/templates/rails/welcome/index.html.erb
  Rendered /usr/share/rvm/gems/ruby-2.7.4/gems/railties-7.0.4.3/lib/rails/templates/rails/welcome/index.html.erb (Duration: 8.4ms | Allocations: 458)
Completed 200 OK in 34ms (Views: 11.3ms | ActiveRecord: 0.0ms | Allocations: 3888)


  [1m[35m (4.6ms)[0m  [1m[35mCREATE TABLE "schema_migrations" ("version" varchar NOT NULL PRIMARY KEY)[0m
  [1m[35m (2.7ms)[0m  [1m[35mCREATE TABLE "ar_internal_metadata" ("key" varchar NOT NULL PRIMARY KEY, "value" varchar, "created_at" datetime(6) NOT NULL, "updated_at" datetime(6) NOT NULL)[0m
  [1m[36mActiveRecord::SchemaMigration Pluck (0.3ms)[0m  [1m[34mSELECT "schema_migrations"."version" FROM "schema_migrations" ORDER BY "schema_migrations"."version" ASC[0m
Migrating to CreateUsers (20230322074127)
  [1m[36mTRANSACTION (0.1ms)[0m  [1m[36mbegin transaction[0m
  [1m[35m (0.6ms)[0m  [1m[35mCREATE TABLE "users" ("id" integer PRIMARY KEY AUTOINCREMENT NOT NULL, "username" varchar NOT NULL, "email" varchar NOT NULL, "password_digest" varchar NOT NULL, "created_at" datetime(6) NOT NULL, "updated_at" datetime(6) NOT NULL)[0m
  [1m[36mActiveRecord::SchemaMigration Create (0.3ms)[0m  [1m[32mINSERT INTO "schema_migrations" ("version") VALUES (?)[0m  [["version", "20230322074127"]]
  [1m[36mTRANSACTION (3.3ms)[0m  [1m[36mcommit transaction[0m
  [1m[36mActiveRecord::InternalMetadata Load (0.3ms)[0m  [1m[34mSELECT "ar_internal_metadata".* FROM "ar_internal_metadata" WHERE "ar_internal_metadata"."key" = ? LIMIT ?[0m  [["key", "environment"], ["LIMIT", 1]]
  [1m[36mTRANSACTION (0.2ms)[0m  [1m[36mbegin transaction[0m
  [1m[36mActiveRecord::InternalMetadata Create (0.5ms)[0m  [1m[32mINSERT INTO "ar_internal_metadata" ("key", "value", "created_at", "updated_at") VALUES (?, ?, ?, ?)[0m  [["key", "environment"], ["value", "development"], ["created_at", "2023-03-22 07:53:07.011356"], ["updated_at", "2023-03-22 07:53:07.011356"]]
  [1m[36mTRANSACTION (4.3ms)[0m  [1m[36mcommit transaction[0m
  [1m[36mActiveRecord::SchemaMigration Pluck (0.2ms)[0m  [1m[34mSELECT "schema_migrations"."version" FROM "schema_migrations" ORDER BY "schema_migrations"."version" ASC[0m
Started POST "/users" for 127.0.0.1 at 2023-03-22 11:24:40 +0300
  
SyntaxError (/home/jeff/Development/code/Phase4/lessons/just_trains/api/config/routes.rb:7: syntax error, unexpected string literal, expecting `do' or '{' or '('
  post "/users" , to "user#register"
                     ^
):
  
config/routes.rb:7: syntax error, unexpected string literal, expecting `do' or '{' or '('
config/routes.rb:7: syntax error, unexpected string literal, expecting `do' or '{' or '('
Started POST "/users" for 127.0.0.1 at 2023-03-22 11:25:07 +0300
  
SyntaxError (/home/jeff/Development/code/Phase4/lessons/just_trains/api/config/routes.rb:7: syntax error, unexpected string literal, expecting `do' or '{' or '('
  POST "/users" , to "user#register"
                     ^
):
  
config/routes.rb:7: syntax error, unexpected string literal, expecting `do' or '{' or '('
config/routes.rb:7: syntax error, unexpected string literal, expecting `do' or '{' or '('
Started POST "/users" for 127.0.0.1 at 2023-03-22 11:26:26 +0300
  
SyntaxError (/home/jeff/Development/code/Phase4/lessons/just_trains/api/config/routes.rb:8: syntax error, unexpected string literal, expecting `do' or '{' or '('
  post "/users", to "users#register"
                    ^
):
  
config/routes.rb:8: syntax error, unexpected string literal, expecting `do' or '{' or '('
config/routes.rb:8: syntax error, unexpected string literal, expecting `do' or '{' or '('
Started POST "/users" for 127.0.0.1 at 2023-03-22 11:26:50 +0300
  [1m[36mActiveRecord::SchemaMigration Pluck (0.5ms)[0m  [1m[34mSELECT "schema_migrations"."version" FROM "schema_migrations" ORDER BY "schema_migrations"."version" ASC[0m
  
SyntaxError (/home/jeff/Development/code/Phase4/lessons/just_trains/api/app/controllers/application_controller.rb:2: syntax error, unexpected integer literal, expecting literal content or terminator or tSTRING_DBEG or tSTRING_DVAR
...ssage: "success" , status: :200 , data: nil)
...                            ^~~
/home/jeff/Development/code/Phase4/lessons/just_trains/api/app/controllers/application_controller.rb:6: circular argument reference - status
/home/jeff/Development/code/Phase4/lessons/just_trains/api/app/controllers/application_controller.rb:9: syntax error, unexpected `end', expecting end-of-input
  end
  ^~~
):
  
app/controllers/application_controller.rb:2: syntax error, unexpected integer literal, expecting literal content or terminator or tSTRING_DBEG or tSTRING_DVAR
app/controllers/application_controller.rb:6: circular argument reference - status
app/controllers/application_controller.rb:9: syntax error, unexpected `end', expecting end-of-input
app/controllers/application_controller.rb:2: syntax error, unexpected integer literal, expecting literal content or terminator or tSTRING_DBEG or tSTRING_DVAR
app/controllers/application_controller.rb:6: circular argument reference - status
app/controllers/application_controller.rb:9: syntax error, unexpected `end', expecting end-of-input
app/controllers/users_controller.rb:1:in `<main>'
Started POST "/users" for 127.0.0.1 at 2023-03-22 11:34:23 +0300
  
SyntaxError (/home/jeff/Development/code/Phase4/lessons/just_trains/api/app/controllers/application_controller.rb:2: syntax error, unexpected integer literal, expecting literal content or terminator or tSTRING_DBEG or tSTRING_DVAR
...ssage: "success" , status: :200 , data: nil)
...                            ^~~
/home/jeff/Development/code/Phase4/lessons/just_trains/api/app/controllers/application_controller.rb:6: circular argument reference - status
/home/jeff/Development/code/Phase4/lessons/just_trains/api/app/controllers/application_controller.rb:8: syntax error, unexpected `end', expecting end-of-input
  end
  ^~~
):
  
app/controllers/application_controller.rb:2: syntax error, unexpected integer literal, expecting literal content or terminator or tSTRING_DBEG or tSTRING_DVAR
app/controllers/application_controller.rb:6: circular argument reference - status
app/controllers/application_controller.rb:8: syntax error, unexpected `end', expecting end-of-input
app/controllers/application_controller.rb:2: syntax error, unexpected integer literal, expecting literal content or terminator or tSTRING_DBEG or tSTRING_DVAR
app/controllers/application_controller.rb:6: circular argument reference - status
app/controllers/application_controller.rb:8: syntax error, unexpected `end', expecting end-of-input
app/controllers/users_controller.rb:1:in `<main>'
Started POST "/users" for 127.0.0.1 at 2023-03-22 11:35:16 +0300
  
SyntaxError (/home/jeff/Development/code/Phase4/lessons/just_trains/api/app/controllers/application_controller.rb:2: syntax error, unexpected integer literal, expecting literal content or terminator or tSTRING_DBEG or tSTRING_DVAR
...ssage: "success" , status: :200 , data: nil)
...                            ^~~
/home/jeff/Development/code/Phase4/lessons/just_trains/api/app/controllers/application_controller.rb:6: circular argument reference - status
/home/jeff/Development/code/Phase4/lessons/just_trains/api/app/controllers/application_controller.rb:9: syntax error, unexpected `end', expecting end-of-input):
  
app/controllers/application_controller.rb:2: syntax error, unexpected integer literal, expecting literal content or terminator or tSTRING_DBEG or tSTRING_DVAR
app/controllers/application_controller.rb:6: circular argument reference - status
app/controllers/application_controller.rb:9: syntax error, unexpected `end', expecting end-of-input
app/controllers/application_controller.rb:2: syntax error, unexpected integer literal, expecting literal content or terminator or tSTRING_DBEG or tSTRING_DVAR
app/controllers/application_controller.rb:6: circular argument reference - status
app/controllers/application_controller.rb:9: syntax error, unexpected `end', expecting end-of-input
app/controllers/users_controller.rb:1:in `<main>'
Started POST "/users" for 127.0.0.1 at 2023-03-22 11:36:21 +0300
  
LoadError (cannot load such file -- bcrypt):
  
app/models/user.rb:3:in `<class:User>'
app/models/user.rb:1:in `<main>'
Started POST "/users" for 127.0.0.1 at 2023-03-22 11:36:40 +0300
  
LoadError (cannot load such file -- bcrypt):
  
app/models/user.rb:3:in `<class:User>'
app/models/user.rb:1:in `<main>'
Started POST "/users" for 127.0.0.1 at 2023-03-22 11:41:01 +0300
  [1m[36mActiveRecord::SchemaMigration Pluck (0.7ms)[0m  [1m[34mSELECT "schema_migrations"."version" FROM "schema_migrations" ORDER BY "schema_migrations"."version" ASC[0m
Processing by UsersController#register as */*
  Parameters: {"username"=>"Jeff Maina", "email"=>"jeffmaina@gmail.com", "password"=>"[FILTERED]", "user"=>{"username"=>"Jeff Maina", "email"=>"jeffmaina@gmail.com"}}
[31mUnpermitted parameter: :user. Context: { controller: UsersController, action: register, request: #<ActionDispatch::Request:0x00007f2504b6a550>, params: {"username"=>"Jeff Maina", "email"=>"jeffmaina@gmail.com", "password"=>"[FILTERED]", "controller"=>"users", "action"=>"register", "user"=>{"username"=>"Jeff Maina", "email"=>"jeffmaina@gmail.com"}} }[0m
  [1m[36mTRANSACTION (0.1ms)[0m  [1m[36mbegin transaction[0m
  ↳ app/controllers/users_controller.rb:4:in `register'
  [1m[36mUser Exists? (0.7ms)[0m  [1m[34mSELECT 1 AS one FROM "users" WHERE "users"."username" = ? LIMIT ?[0m  [["username", "Jeff Maina"], ["LIMIT", 1]]
  ↳ app/controllers/users_controller.rb:4:in `register'
  [1m[36mUser Exists? (0.5ms)[0m  [1m[34mSELECT 1 AS one FROM "users" WHERE "users"."email" = ? LIMIT ?[0m  [["email", "jeffmaina@gmail.com"], ["LIMIT", 1]]
  ↳ app/controllers/users_controller.rb:4:in `register'
  [1m[36mTRANSACTION (0.1ms)[0m  [1m[31mrollback transaction[0m
  ↳ app/controllers/users_controller.rb:4:in `register'
  [1m[36mUser Exists? (0.4ms)[0m  [1m[34mSELECT 1 AS one FROM "users" WHERE "users"."username" = ? LIMIT ?[0m  [["username", "Jeff Maina"], ["LIMIT", 1]]
  ↳ app/controllers/users_controller.rb:5:in `register'
  [1m[36mUser Exists? (0.3ms)[0m  [1m[34mSELECT 1 AS one FROM "users" WHERE "users"."email" = ? LIMIT ?[0m  [["email", "jeffmaina@gmail.com"], ["LIMIT", 1]]
  ↳ app/controllers/users_controller.rb:5:in `register'
Completed 422 Unprocessable Entity in 692ms (Views: 0.7ms | ActiveRecord: 4.5ms | Allocations: 43305)


Started POST "/users" for 127.0.0.1 at 2023-03-22 11:48:02 +0300
Error occurred while parsing request parameters.
Contents:

{
 "username": "Jeff",
 "email": "jeffmaina@gmail.com",
 }
Processing by UsersController#register as */*
Completed 400 Bad Request in 1ms (Allocations: 124)


  
ActionDispatch::Http::Parameters::ParseError (Error occurred while parsing request parameters):
  
app/controllers/users_controller.rb:21:in `user_params'
app/controllers/users_controller.rb:4:in `register'
Started POST "/users" for 127.0.0.1 at 2023-03-22 11:48:38 +0300
Processing by UsersController#register as */*
  Parameters: {"username"=>"Jeff", "email"=>"jeffmaina@gmail.com", "password"=>"[FILTERED]", "user"=>{"username"=>"Jeff", "email"=>"jeffmaina@gmail.com"}}
[31mUnpermitted parameter: :user. Context: { controller: UsersController, action: register, request: #<ActionDispatch::Request:0x00007f24fc00d6d8>, params: {"username"=>"Jeff", "email"=>"jeffmaina@gmail.com", "password"=>"[FILTERED]", "controller"=>"users", "action"=>"register", "user"=>{"username"=>"Jeff", "email"=>"jeffmaina@gmail.com"}} }[0m
  [1m[36mTRANSACTION (0.1ms)[0m  [1m[36mbegin transaction[0m
  ↳ app/controllers/users_controller.rb:4:in `register'
  [1m[36mUser Exists? (0.5ms)[0m  [1m[34mSELECT 1 AS one FROM "users" WHERE "users"."username" = ? LIMIT ?[0m  [["username", "Jeff"], ["LIMIT", 1]]
  ↳ app/controllers/users_controller.rb:4:in `register'
  [1m[36mUser Exists? (0.2ms)[0m  [1m[34mSELECT 1 AS one FROM "users" WHERE "users"."email" = ? LIMIT ?[0m  [["email", "jeffmaina@gmail.com"], ["LIMIT", 1]]
  ↳ app/controllers/users_controller.rb:4:in `register'
  [1m[36mTRANSACTION (0.5ms)[0m  [1m[31mrollback transaction[0m
  ↳ app/controllers/users_controller.rb:4:in `register'
  [1m[36mUser Exists? (0.4ms)[0m  [1m[34mSELECT 1 AS one FROM "users" WHERE "users"."username" = ? LIMIT ?[0m  [["username", "Jeff"], ["LIMIT", 1]]
  ↳ app/controllers/users_controller.rb:5:in `register'
  [1m[36mUser Exists? (0.3ms)[0m  [1m[34mSELECT 1 AS one FROM "users" WHERE "users"."email" = ? LIMIT ?[0m  [["email", "jeffmaina@gmail.com"], ["LIMIT", 1]]
  ↳ app/controllers/users_controller.rb:5:in `register'
Completed 422 Unprocessable Entity in 621ms (Views: 0.5ms | ActiveRecord: 2.4ms | Allocations: 4510)


Started POST "/users" for 127.0.0.1 at 2023-03-22 11:48:45 +0300
Processing by UsersController#register as */*
  Parameters: {"username"=>"Jeffggg", "email"=>"jeffmaina@gmail.com", "password"=>"[FILTERED]", "user"=>{"username"=>"Jeffggg", "email"=>"jeffmaina@gmail.com"}}
[31mUnpermitted parameter: :user. Context: { controller: UsersController, action: register, request: #<ActionDispatch::Request:0x00007f25048d5998>, params: {"username"=>"Jeffggg", "email"=>"jeffmaina@gmail.com", "password"=>"[FILTERED]", "controller"=>"users", "action"=>"register", "user"=>{"username"=>"Jeffggg", "email"=>"jeffmaina@gmail.com"}} }[0m
  [1m[36mTRANSACTION (0.1ms)[0m  [1m[36mbegin transaction[0m
  ↳ app/controllers/users_controller.rb:4:in `register'
  [1m[36mUser Exists? (0.3ms)[0m  [1m[34mSELECT 1 AS one FROM "users" WHERE "users"."username" = ? LIMIT ?[0m  [["username", "Jeffggg"], ["LIMIT", 1]]
  ↳ app/controllers/users_controller.rb:4:in `register'
  [1m[36mUser Exists? (0.4ms)[0m  [1m[34mSELECT 1 AS one FROM "users" WHERE "users"."email" = ? LIMIT ?[0m  [["email", "jeffmaina@gmail.com"], ["LIMIT", 1]]
  ↳ app/controllers/users_controller.rb:4:in `register'
  [1m[36mUser Create (2.5ms)[0m  [1m[32mINSERT INTO "users" ("username", "email", "password_digest", "created_at", "updated_at") VALUES (?, ?, ?, ?, ?)[0m  [["username", "Jeffggg"], ["email", "jeffmaina@gmail.com"], ["password_digest", "[FILTERED]"], ["created_at", "2023-03-22 08:48:45.869215"], ["updated_at", "2023-03-22 08:48:45.869215"]]
  ↳ app/controllers/users_controller.rb:4:in `register'
  [1m[36mTRANSACTION (2.9ms)[0m  [1m[36mcommit transaction[0m
  ↳ app/controllers/users_controller.rb:4:in `register'
  [1m[36mUser Exists? (0.4ms)[0m  [1m[34mSELECT 1 AS one FROM "users" WHERE "users"."username" = ? AND "users"."id" != ? LIMIT ?[0m  [["username", "Jeffggg"], ["id", 1], ["LIMIT", 1]]
  ↳ app/controllers/users_controller.rb:5:in `register'
  [1m[36mUser Exists? (0.4ms)[0m  [1m[34mSELECT 1 AS one FROM "users" WHERE "users"."email" = ? AND "users"."id" != ? LIMIT ?[0m  [["email", "jeffmaina@gmail.com"], ["id", 1], ["LIMIT", 1]]
  ↳ app/controllers/users_controller.rb:5:in `register'
Completed 201 Created in 475ms (Views: 0.8ms | ActiveRecord: 7.1ms | Allocations: 4708)


  [1m[36mActiveRecord::SchemaMigration Pluck (0.1ms)[0m  [1m[34mSELECT "schema_migrations"."version" FROM "schema_migrations" ORDER BY "schema_migrations"."version" ASC[0m
Migrating to CreateTodos (20230325062902)
  [1m[36mTRANSACTION (0.1ms)[0m  [1m[36mbegin transaction[0m
  [1m[35m (0.5ms)[0m  [1m[35mCREATE TABLE "todos" ("id" integer PRIMARY KEY AUTOINCREMENT NOT NULL, "title" varchar NOT NULL, "description" text NOT NULL, "status" integer DEFAULT 0 NOT NULL, "priority" integer DEFAULT 0 NOT NULL, "user_id" integer NOT NULL, "created_at" datetime(6) NOT NULL, "updated_at" datetime(6) NOT NULL, CONSTRAINT "fk_rails_d94154aa95"
FOREIGN KEY ("user_id")
  REFERENCES "users" ("id")
)[0m
  [1m[35m (0.3ms)[0m  [1m[35mCREATE INDEX "index_todos_on_user_id" ON "todos" ("user_id")[0m
  [1m[36mActiveRecord::SchemaMigration Create (0.3ms)[0m  [1m[32mINSERT INTO "schema_migrations" ("version") VALUES (?)[0m  [["version", "20230325062902"]]
  [1m[36mTRANSACTION (3.5ms)[0m  [1m[36mcommit transaction[0m
  [1m[36mActiveRecord::InternalMetadata Load (0.4ms)[0m  [1m[34mSELECT "ar_internal_metadata".* FROM "ar_internal_metadata" WHERE "ar_internal_metadata"."key" = ? LIMIT ?[0m  [["key", "environment"], ["LIMIT", 1]]
  [1m[36mActiveRecord::SchemaMigration Pluck (0.2ms)[0m  [1m[34mSELECT "schema_migrations"."version" FROM "schema_migrations" ORDER BY "schema_migrations"."version" ASC[0m
Started POST "/users" for 127.0.0.1 at 2023-03-25 10:19:33 +0300
  [1m[36mActiveRecord::SchemaMigration Pluck (0.3ms)[0m  [1m[34mSELECT "schema_migrations"."version" FROM "schema_migrations" ORDER BY "schema_migrations"."version" ASC[0m
Processing by UsersController#register as */*
  Parameters: {"username"=>"Jeff", "email"=>"jeffgichuki@gmail.com", "password"=>"[FILTERED]", "user"=>{"username"=>"Jeff", "email"=>"jeffgichuki@gmail.com"}}
[31mUnpermitted parameter: :user. Context: { controller: UsersController, action: register, request: #<ActionDispatch::Request:0x00007fe26c4ab270>, params: {"username"=>"Jeff", "email"=>"jeffgichuki@gmail.com", "password"=>"[FILTERED]", "controller"=>"users", "action"=>"register", "user"=>{"username"=>"Jeff", "email"=>"jeffgichuki@gmail.com"}} }[0m
  [1m[36mTRANSACTION (0.1ms)[0m  [1m[36mbegin transaction[0m
  ↳ app/controllers/users_controller.rb:5:in `register'
  [1m[36mUser Exists? (1.3ms)[0m  [1m[34mSELECT 1 AS one FROM "users" WHERE "users"."username" = ? LIMIT ?[0m  [["username", "Jeff"], ["LIMIT", 1]]
  ↳ app/controllers/users_controller.rb:5:in `register'
  [1m[36mUser Exists? (0.2ms)[0m  [1m[34mSELECT 1 AS one FROM "users" WHERE "users"."email" = ? LIMIT ?[0m  [["email", "jeffgichuki@gmail.com"], ["LIMIT", 1]]
  ↳ app/controllers/users_controller.rb:5:in `register'
  [1m[36mTRANSACTION (0.2ms)[0m  [1m[31mrollback transaction[0m
  ↳ app/controllers/users_controller.rb:5:in `register'
  [1m[36mUser Exists? (0.2ms)[0m  [1m[34mSELECT 1 AS one FROM "users" WHERE "users"."username" = ? LIMIT ?[0m  [["username", "Jeff"], ["LIMIT", 1]]
  ↳ app/controllers/users_controller.rb:6:in `register'
  [1m[36mUser Exists? (0.3ms)[0m  [1m[34mSELECT 1 AS one FROM "users" WHERE "users"."email" = ? LIMIT ?[0m  [["email", "jeffgichuki@gmail.com"], ["LIMIT", 1]]
  ↳ app/controllers/users_controller.rb:6:in `register'
Completed 422 Unprocessable Entity in 332ms (Views: 8.5ms | ActiveRecord: 3.2ms | Allocations: 42097)


Started POST "/users" for 127.0.0.1 at 2023-03-25 10:19:42 +0300
Processing by UsersController#register as */*
  Parameters: {"username"=>"Jeff Maina", "email"=>"jeffgichuki@gmail.com", "password"=>"[FILTERED]", "user"=>{"username"=>"Jeff Maina", "email"=>"jeffgichuki@gmail.com"}}
[31mUnpermitted parameter: :user. Context: { controller: UsersController, action: register, request: #<ActionDispatch::Request:0x00007fe26000e9d0>, params: {"username"=>"Jeff Maina", "email"=>"jeffgichuki@gmail.com", "password"=>"[FILTERED]", "controller"=>"users", "action"=>"register", "user"=>{"username"=>"Jeff Maina", "email"=>"jeffgichuki@gmail.com"}} }[0m
  [1m[36mTRANSACTION (0.1ms)[0m  [1m[36mbegin transaction[0m
  ↳ app/controllers/users_controller.rb:5:in `register'
  [1m[36mUser Exists? (0.3ms)[0m  [1m[34mSELECT 1 AS one FROM "users" WHERE "users"."username" = ? LIMIT ?[0m  [["username", "Jeff Maina"], ["LIMIT", 1]]
  ↳ app/controllers/users_controller.rb:5:in `register'
  [1m[36mUser Exists? (0.2ms)[0m  [1m[34mSELECT 1 AS one FROM "users" WHERE "users"."email" = ? LIMIT ?[0m  [["email", "jeffgichuki@gmail.com"], ["LIMIT", 1]]
  ↳ app/controllers/users_controller.rb:5:in `register'
  [1m[36mTRANSACTION (0.3ms)[0m  [1m[31mrollback transaction[0m
  ↳ app/controllers/users_controller.rb:5:in `register'
  [1m[36mUser Exists? (0.2ms)[0m  [1m[34mSELECT 1 AS one FROM "users" WHERE "users"."username" = ? LIMIT ?[0m  [["username", "Jeff Maina"], ["LIMIT", 1]]
  ↳ app/controllers/users_controller.rb:6:in `register'
  [1m[36mUser Exists? (0.4ms)[0m  [1m[34mSELECT 1 AS one FROM "users" WHERE "users"."email" = ? LIMIT ?[0m  [["email", "jeffgichuki@gmail.com"], ["LIMIT", 1]]
  ↳ app/controllers/users_controller.rb:6:in `register'
Completed 422 Unprocessable Entity in 302ms (Views: 1.8ms | ActiveRecord: 1.5ms | Allocations: 4286)


Started POST "/users" for 127.0.0.1 at 2023-03-25 10:19:58 +0300
Processing by UsersController#register as */*
  Parameters: {"username"=>"Jeff G.M", "email"=>"jeffgichuki@gmail.com", "password"=>"[FILTERED]", "user"=>{"username"=>"Jeff G.M", "email"=>"jeffgichuki@gmail.com"}}
[31mUnpermitted parameter: :user. Context: { controller: UsersController, action: register, request: #<ActionDispatch::Request:0x00007fe26cbe0dd8>, params: {"username"=>"Jeff G.M", "email"=>"jeffgichuki@gmail.com", "password"=>"[FILTERED]", "controller"=>"users", "action"=>"register", "user"=>{"username"=>"Jeff G.M", "email"=>"jeffgichuki@gmail.com"}} }[0m
  [1m[36mTRANSACTION (0.1ms)[0m  [1m[36mbegin transaction[0m
  ↳ app/controllers/users_controller.rb:5:in `register'
  [1m[36mUser Exists? (0.2ms)[0m  [1m[34mSELECT 1 AS one FROM "users" WHERE "users"."username" = ? LIMIT ?[0m  [["username", "Jeff G.M"], ["LIMIT", 1]]
  ↳ app/controllers/users_controller.rb:5:in `register'
  [1m[36mUser Exists? (0.2ms)[0m  [1m[34mSELECT 1 AS one FROM "users" WHERE "users"."email" = ? LIMIT ?[0m  [["email", "jeffgichuki@gmail.com"], ["LIMIT", 1]]
  ↳ app/controllers/users_controller.rb:5:in `register'
  [1m[36mUser Create (0.4ms)[0m  [1m[32mINSERT INTO "users" ("username", "email", "password_digest", "created_at", "updated_at") VALUES (?, ?, ?, ?, ?)[0m  [["username", "Jeff G.M"], ["email", "jeffgichuki@gmail.com"], ["password_digest", "[FILTERED]"], ["created_at", "2023-03-25 07:19:58.504215"], ["updated_at", "2023-03-25 07:19:58.504215"]]
  ↳ app/controllers/users_controller.rb:5:in `register'
  [1m[36mTRANSACTION (4.0ms)[0m  [1m[36mcommit transaction[0m
  ↳ app/controllers/users_controller.rb:5:in `register'
  [1m[36mUser Exists? (0.2ms)[0m  [1m[34mSELECT 1 AS one FROM "users" WHERE "users"."username" = ? AND "users"."id" != ? LIMIT ?[0m  [["username", "Jeff G.M"], ["id", 2], ["LIMIT", 1]]
  ↳ app/controllers/users_controller.rb:6:in `register'
  [1m[36mUser Exists? (0.3ms)[0m  [1m[34mSELECT 1 AS one FROM "users" WHERE "users"."email" = ? AND "users"."id" != ? LIMIT ?[0m  [["email", "jeffgichuki@gmail.com"], ["id", 2], ["LIMIT", 1]]
  ↳ app/controllers/users_controller.rb:6:in `register'
Completed 422 Unprocessable Entity in 292ms (Views: 0.4ms | ActiveRecord: 5.5ms | Allocations: 5223)


Started POST "/users" for 127.0.0.1 at 2023-03-25 10:24:47 +0300
Processing by UsersController#register as */*
  Parameters: {"username"=>"Jeff G.M", "email"=>"jeffgichuki@gmail.com", "password"=>"[FILTERED]", "user"=>{"username"=>"Jeff G.M", "email"=>"jeffgichuki@gmail.com"}}
[31mUnpermitted parameter: :user. Context: { controller: UsersController, action: register, request: #<ActionDispatch::Request:0x00007fe258017f88>, params: {"username"=>"Jeff G.M", "email"=>"jeffgichuki@gmail.com", "password"=>"[FILTERED]", "controller"=>"users", "action"=>"register", "user"=>{"username"=>"Jeff G.M", "email"=>"jeffgichuki@gmail.com"}} }[0m
  [1m[36mTRANSACTION (0.1ms)[0m  [1m[36mbegin transaction[0m
  ↳ app/controllers/users_controller.rb:5:in `register'
  [1m[36mUser Exists? (0.3ms)[0m  [1m[34mSELECT 1 AS one FROM "users" WHERE "users"."username" = ? LIMIT ?[0m  [["username", "Jeff G.M"], ["LIMIT", 1]]
  ↳ app/controllers/users_controller.rb:5:in `register'
  [1m[36mUser Exists? (0.2ms)[0m  [1m[34mSELECT 1 AS one FROM "users" WHERE "users"."email" = ? LIMIT ?[0m  [["email", "jeffgichuki@gmail.com"], ["LIMIT", 1]]
  ↳ app/controllers/users_controller.rb:5:in `register'
  [1m[36mTRANSACTION (0.1ms)[0m  [1m[31mrollback transaction[0m
  ↳ app/controllers/users_controller.rb:5:in `register'
  [1m[36mUser Exists? (0.2ms)[0m  [1m[34mSELECT 1 AS one FROM "users" WHERE "users"."username" = ? LIMIT ?[0m  [["username", "Jeff G.M"], ["LIMIT", 1]]
  ↳ app/controllers/users_controller.rb:6:in `register'
  [1m[36mUser Exists? (1.1ms)[0m  [1m[34mSELECT 1 AS one FROM "users" WHERE "users"."email" = ? LIMIT ?[0m  [["email", "jeffgichuki@gmail.com"], ["LIMIT", 1]]
  ↳ app/controllers/users_controller.rb:6:in `register'
Completed 422 Unprocessable Entity in 294ms (Views: 2.2ms | ActiveRecord: 2.0ms | Allocations: 4652)


Started POST "/users" for 127.0.0.1 at 2023-03-25 10:25:34 +0300
Processing by UsersController#register as */*
  Parameters: {"username"=>"Maxwell", "email"=>"gichuki@gmail.com", "password"=>"[FILTERED]", "user"=>{"username"=>"Maxwell", "email"=>"gichuki@gmail.com"}}
[31mUnpermitted parameter: :user. Context: { controller: UsersController, action: register, request: #<ActionDispatch::Request:0x00007fe26800cf88>, params: {"username"=>"Maxwell", "email"=>"gichuki@gmail.com", "password"=>"[FILTERED]", "controller"=>"users", "action"=>"register", "user"=>{"username"=>"Maxwell", "email"=>"gichuki@gmail.com"}} }[0m
  [1m[36mTRANSACTION (0.1ms)[0m  [1m[36mbegin transaction[0m
  ↳ app/controllers/users_controller.rb:5:in `register'
  [1m[36mUser Exists? (0.5ms)[0m  [1m[34mSELECT 1 AS one FROM "users" WHERE "users"."username" = ? LIMIT ?[0m  [["username", "Maxwell"], ["LIMIT", 1]]
  ↳ app/controllers/users_controller.rb:5:in `register'
  [1m[36mUser Exists? (0.2ms)[0m  [1m[34mSELECT 1 AS one FROM "users" WHERE "users"."email" = ? LIMIT ?[0m  [["email", "gichuki@gmail.com"], ["LIMIT", 1]]
  ↳ app/controllers/users_controller.rb:5:in `register'
  [1m[36mUser Create (0.4ms)[0m  [1m[32mINSERT INTO "users" ("username", "email", "password_digest", "created_at", "updated_at") VALUES (?, ?, ?, ?, ?)[0m  [["username", "Maxwell"], ["email", "gichuki@gmail.com"], ["password_digest", "[FILTERED]"], ["created_at", "2023-03-25 07:25:34.948831"], ["updated_at", "2023-03-25 07:25:34.948831"]]
  ↳ app/controllers/users_controller.rb:5:in `register'
  [1m[36mTRANSACTION (4.0ms)[0m  [1m[36mcommit transaction[0m
  ↳ app/controllers/users_controller.rb:5:in `register'
  [1m[36mUser Exists? (0.2ms)[0m  [1m[34mSELECT 1 AS one FROM "users" WHERE "users"."username" = ? AND "users"."id" != ? LIMIT ?[0m  [["username", "Maxwell"], ["id", 3], ["LIMIT", 1]]
  ↳ app/controllers/users_controller.rb:6:in `register'
  [1m[36mUser Exists? (0.3ms)[0m  [1m[34mSELECT 1 AS one FROM "users" WHERE "users"."email" = ? AND "users"."id" != ? LIMIT ?[0m  [["email", "gichuki@gmail.com"], ["id", 3], ["LIMIT", 1]]
  ↳ app/controllers/users_controller.rb:6:in `register'
Completed 422 Unprocessable Entity in 291ms (Views: 0.4ms | ActiveRecord: 5.7ms | Allocations: 4559)


Started POST "/users" for 127.0.0.1 at 2023-03-25 10:27:25 +0300
  [1m[36mActiveRecord::SchemaMigration Pluck (0.3ms)[0m  [1m[34mSELECT "schema_migrations"."version" FROM "schema_migrations" ORDER BY "schema_migrations"."version" ASC[0m
Processing by UsersController#register as */*
  Parameters: {"username"=>"Maxwell", "email"=>"gichuki@gmail.com", "password"=>"[FILTERED]", "user"=>{"username"=>"Maxwell", "email"=>"gichuki@gmail.com"}}
[31mUnpermitted parameter: :user. Context: { controller: UsersController, action: register, request: #<ActionDispatch::Request:0x00007f1348b79780>, params: {"username"=>"Maxwell", "email"=>"gichuki@gmail.com", "password"=>"[FILTERED]", "controller"=>"users", "action"=>"register", "user"=>{"username"=>"Maxwell", "email"=>"gichuki@gmail.com"}} }[0m
  [1m[36mTRANSACTION (0.1ms)[0m  [1m[36mbegin transaction[0m
  ↳ app/controllers/users_controller.rb:5:in `register'
  [1m[36mUser Exists? (0.2ms)[0m  [1m[34mSELECT 1 AS one FROM "users" WHERE "users"."username" = ? LIMIT ?[0m  [["username", "Maxwell"], ["LIMIT", 1]]
  ↳ app/controllers/users_controller.rb:5:in `register'
  [1m[36mUser Exists? (0.2ms)[0m  [1m[34mSELECT 1 AS one FROM "users" WHERE "users"."email" = ? LIMIT ?[0m  [["email", "gichuki@gmail.com"], ["LIMIT", 1]]
  ↳ app/controllers/users_controller.rb:5:in `register'
  [1m[36mTRANSACTION (0.2ms)[0m  [1m[31mrollback transaction[0m
  ↳ app/controllers/users_controller.rb:5:in `register'
  [1m[36mUser Exists? (0.3ms)[0m  [1m[34mSELECT 1 AS one FROM "users" WHERE "users"."username" = ? LIMIT ?[0m  [["username", "Maxwell"], ["LIMIT", 1]]
  ↳ app/controllers/users_controller.rb:6:in `register'
  [1m[36mUser Exists? (0.3ms)[0m  [1m[34mSELECT 1 AS one FROM "users" WHERE "users"."email" = ? LIMIT ?[0m  [["email", "gichuki@gmail.com"], ["LIMIT", 1]]
  ↳ app/controllers/users_controller.rb:6:in `register'
Completed 422 Unprocessable Entity in 323ms (Views: 5.2ms | ActiveRecord: 2.3ms | Allocations: 42443)


Started POST "/users" for 127.0.0.1 at 2023-03-25 10:27:54 +0300
Processing by UsersController#register as */*
  Parameters: {"username"=>"Jane", "email"=>"ghi@gmail.com", "password"=>"[FILTERED]", "user"=>{"username"=>"Jane", "email"=>"ghi@gmail.com"}}
[31mUnpermitted parameter: :user. Context: { controller: UsersController, action: register, request: #<ActionDispatch::Request:0x00007f133c014ce8>, params: {"username"=>"Jane", "email"=>"ghi@gmail.com", "password"=>"[FILTERED]", "controller"=>"users", "action"=>"register", "user"=>{"username"=>"Jane", "email"=>"ghi@gmail.com"}} }[0m
  [1m[36mTRANSACTION (0.1ms)[0m  [1m[36mbegin transaction[0m
  ↳ app/controllers/users_controller.rb:5:in `register'
  [1m[36mUser Exists? (0.3ms)[0m  [1m[34mSELECT 1 AS one FROM "users" WHERE "users"."username" = ? LIMIT ?[0m  [["username", "Jane"], ["LIMIT", 1]]
  ↳ app/controllers/users_controller.rb:5:in `register'
  [1m[36mUser Exists? (0.2ms)[0m  [1m[34mSELECT 1 AS one FROM "users" WHERE "users"."email" = ? LIMIT ?[0m  [["email", "ghi@gmail.com"], ["LIMIT", 1]]
  ↳ app/controllers/users_controller.rb:5:in `register'
  [1m[36mTRANSACTION (0.1ms)[0m  [1m[31mrollback transaction[0m
  ↳ app/controllers/users_controller.rb:5:in `register'
  [1m[36mUser Exists? (0.2ms)[0m  [1m[34mSELECT 1 AS one FROM "users" WHERE "users"."username" = ? LIMIT ?[0m  [["username", "Jane"], ["LIMIT", 1]]
  ↳ app/controllers/users_controller.rb:6:in `register'
  [1m[36mUser Exists? (0.2ms)[0m  [1m[34mSELECT 1 AS one FROM "users" WHERE "users"."email" = ? LIMIT ?[0m  [["email", "ghi@gmail.com"], ["LIMIT", 1]]
  ↳ app/controllers/users_controller.rb:6:in `register'
Completed 422 Unprocessable Entity in 284ms (Views: 1.4ms | ActiveRecord: 1.0ms | Allocations: 4307)


Started POST "/users" for 127.0.0.1 at 2023-03-25 10:28:00 +0300
Processing by UsersController#register as */*
  Parameters: {"username"=>"Janet", "email"=>"ghi@gmail.com", "password"=>"[FILTERED]", "user"=>{"username"=>"Janet", "email"=>"ghi@gmail.com"}}
[31mUnpermitted parameter: :user. Context: { controller: UsersController, action: register, request: #<ActionDispatch::Request:0x00007f1348ba0998>, params: {"username"=>"Janet", "email"=>"ghi@gmail.com", "password"=>"[FILTERED]", "controller"=>"users", "action"=>"register", "user"=>{"username"=>"Janet", "email"=>"ghi@gmail.com"}} }[0m
  [1m[36mTRANSACTION (0.1ms)[0m  [1m[36mbegin transaction[0m
  ↳ app/controllers/users_controller.rb:5:in `register'
  [1m[36mUser Exists? (0.2ms)[0m  [1m[34mSELECT 1 AS one FROM "users" WHERE "users"."username" = ? LIMIT ?[0m  [["username", "Janet"], ["LIMIT", 1]]
  ↳ app/controllers/users_controller.rb:5:in `register'
  [1m[36mUser Exists? (0.2ms)[0m  [1m[34mSELECT 1 AS one FROM "users" WHERE "users"."email" = ? LIMIT ?[0m  [["email", "ghi@gmail.com"], ["LIMIT", 1]]
  ↳ app/controllers/users_controller.rb:5:in `register'
  [1m[36mUser Create (0.8ms)[0m  [1m[32mINSERT INTO "users" ("username", "email", "password_digest", "created_at", "updated_at") VALUES (?, ?, ?, ?, ?)[0m  [["username", "Janet"], ["email", "ghi@gmail.com"], ["password_digest", "[FILTERED]"], ["created_at", "2023-03-25 07:28:00.311926"], ["updated_at", "2023-03-25 07:28:00.311926"]]
  ↳ app/controllers/users_controller.rb:5:in `register'
  [1m[36mTRANSACTION (4.1ms)[0m  [1m[36mcommit transaction[0m
  ↳ app/controllers/users_controller.rb:5:in `register'
  [1m[36mUser Exists? (0.3ms)[0m  [1m[34mSELECT 1 AS one FROM "users" WHERE "users"."username" = ? AND "users"."id" != ? LIMIT ?[0m  [["username", "Janet"], ["id", 4], ["LIMIT", 1]]
  ↳ app/controllers/users_controller.rb:6:in `register'
  [1m[36mUser Exists? (0.2ms)[0m  [1m[34mSELECT 1 AS one FROM "users" WHERE "users"."email" = ? AND "users"."id" != ? LIMIT ?[0m  [["email", "ghi@gmail.com"], ["id", 4], ["LIMIT", 1]]
  ↳ app/controllers/users_controller.rb:6:in `register'
Completed 201 Created in 303ms (Views: 0.5ms | ActiveRecord: 6.0ms | Allocations: 4846)


Started POST "/users/login" for 127.0.0.1 at 2023-03-25 10:28:29 +0300
Processing by UsersController#login as */*
  Parameters: {"username"=>"Janet", "email"=>"ghi@gmail.com", "password"=>"[FILTERED]", "user"=>{"username"=>"Janet", "email"=>"ghi@gmail.com"}}
[31mUnpermitted parameter: :user. Context: { controller: UsersController, action: login, request: #<ActionDispatch::Request:0x00007f133400dbf8>, params: {"username"=>"Janet", "email"=>"ghi@gmail.com", "password"=>"[FILTERED]", "controller"=>"users", "action"=>"login", "user"=>{"username"=>"Janet", "email"=>"ghi@gmail.com"}} }[0m
[31mUnpermitted parameter: :user. Context: { controller: UsersController, action: login, request: #<ActionDispatch::Request:0x00007f133400dbf8>, params: {"username"=>"Janet", "email"=>"ghi@gmail.com", "password"=>"[FILTERED]", "controller"=>"users", "action"=>"login", "user"=>{"username"=>"Janet", "email"=>"ghi@gmail.com"}} }[0m
  [1m[36mUser Load (0.3ms)[0m  [1m[34mSELECT "users".* FROM "users" WHERE (username = 'Janet' OR email = 'ghi@gmail.com') ORDER BY "users"."id" ASC LIMIT ?[0m  [["LIMIT", 1]]
  ↳ app/controllers/users_controller.rb:16:in `login'
[31mUnpermitted parameter: :user. Context: { controller: UsersController, action: login, request: #<ActionDispatch::Request:0x00007f133400dbf8>, params: {"username"=>"Janet", "email"=>"ghi@gmail.com", "password"=>"[FILTERED]", "controller"=>"users", "action"=>"login", "user"=>{"username"=>"Janet", "email"=>"ghi@gmail.com"}} }[0m
Completed 200 OK in 278ms (Views: 0.5ms | ActiveRecord: 0.3ms | Allocations: 1612)


Started POST "/users/logout" for 127.0.0.1 at 2023-03-25 10:29:30 +0300
  
ActionController::RoutingError (No route matches [POST] "/users/logout"):
  
Started DELETE "/users/logout" for 127.0.0.1 at 2023-03-25 10:29:59 +0300
Processing by UsersController#logout as */*
Completed 200 OK in 2ms (Views: 0.3ms | ActiveRecord: 0.0ms | Allocations: 245)


Started GET "/users/logout/check" for 127.0.0.1 at 2023-03-25 10:30:18 +0300
  
ActionController::RoutingError (No route matches [GET] "/users/logout/check"):
  
Started GET "/user/logout/check" for 127.0.0.1 at 2023-03-25 10:30:39 +0300
  
ActionController::RoutingError (No route matches [GET] "/user/logout/check"):
  
Started GET "/user/login/check" for 127.0.0.1 at 2023-03-25 10:30:59 +0300
Processing by UsersController#check_login_status as */*
Filter chain halted as :session_expired? rendered or redirected
Completed 401 Unauthorized in 3ms (Views: 0.3ms | ActiveRecord: 0.0ms | Allocations: 352)


Started GET "/user/login" for 127.0.0.1 at 2023-03-25 10:31:16 +0300
  
ActionController::RoutingError (No route matches [GET] "/user/login"):
  
Started GET "/users/login" for 127.0.0.1 at 2023-03-25 10:31:23 +0300
  
ActionController::RoutingError (No route matches [GET] "/users/login"):
  
Started POST "/users/login" for 127.0.0.1 at 2023-03-25 10:31:29 +0300
Processing by UsersController#login as */*
  Parameters: {"username"=>"Janet", "email"=>"ghi@gmail.com", "password"=>"[FILTERED]", "user"=>{"username"=>"Janet", "email"=>"ghi@gmail.com"}}
[31mUnpermitted parameter: :user. Context: { controller: UsersController, action: login, request: #<ActionDispatch::Request:0x00007f133c14dbf0>, params: {"username"=>"Janet", "email"=>"ghi@gmail.com", "password"=>"[FILTERED]", "controller"=>"users", "action"=>"login", "user"=>{"username"=>"Janet", "email"=>"ghi@gmail.com"}} }[0m
[31mUnpermitted parameter: :user. Context: { controller: UsersController, action: login, request: #<ActionDispatch::Request:0x00007f133c14dbf0>, params: {"username"=>"Janet", "email"=>"ghi@gmail.com", "password"=>"[FILTERED]", "controller"=>"users", "action"=>"login", "user"=>{"username"=>"Janet", "email"=>"ghi@gmail.com"}} }[0m
  [1m[36mUser Load (0.6ms)[0m  [1m[34mSELECT "users".* FROM "users" WHERE (username = 'Janet' OR email = 'ghi@gmail.com') ORDER BY "users"."id" ASC LIMIT ?[0m  [["LIMIT", 1]]
  ↳ app/controllers/users_controller.rb:16:in `login'
[31mUnpermitted parameter: :user. Context: { controller: UsersController, action: login, request: #<ActionDispatch::Request:0x00007f133c14dbf0>, params: {"username"=>"Janet", "email"=>"ghi@gmail.com", "password"=>"[FILTERED]", "controller"=>"users", "action"=>"login", "user"=>{"username"=>"Janet", "email"=>"ghi@gmail.com"}} }[0m
Completed 200 OK in 277ms (Views: 0.6ms | ActiveRecord: 0.6ms | Allocations: 1347)


